<?xml version="1.0" encoding="UTF-8"?>
<testsuite name="TC_Article_001_Create"
           tests="9"
           failures="1"
           errors="0"
           skipped="0"
           time="100.415">
  <properties />
            <testcase name="TC_JOOMLA_ARTICLE_016" time="27.544" classname="testcases.article.TM_Article_001">
                <failure type="org.openqa.selenium.NoSuchElementException"
                  message="Unable to locate element: {&quot;method&quot;:&quot;xpath&quot;,&quot;selector&quot;:&quot;//a[contains(text(), &apos;Group 5 article 2015-07-21 23:07:49:749&apos;)]/ancestor::tr/td[4]/img[@alt=&apos;Unfeatured article&apos;]&quot;}
Command duration or timeout: 20.12 seconds
For documentation on this error, please visit: http://seleniumhq.org/exceptions/no_such_element.html
Build info: version: &apos;2.45.0&apos;, revision: &apos;32a636c&apos;, time: &apos;2015-03-05 22:01:35&apos;
System info: host: &apos;HoangHai-PC&apos;, ip: &apos;192.168.42.138&apos;, os.name: &apos;Windows 7&apos;, os.arch: &apos;x86&apos;, os.version: &apos;6.1&apos;, java.version: &apos;1.8.0_20&apos;
Driver info: org.openqa.selenium.firefox.FirefoxDriver
Capabilities [{applicationCacheEnabled=true, rotatable=false, handlesAlerts=true, databaseEnabled=true, version=29.0.1, platform=WINDOWS, browserConnectionEnabled=true, nativeEvents=false, acceptSslCerts=true, webStorageEnabled=true, locationContextEnabled=true, browserName=firefox, takesScreenshot=true, javascriptEnabled=true, cssSelectorsEnabled=true}]
Session ID: beef5fb7-78e1-4264-bb3f-9276cadc4fbd
*** Element info: {Using=xpath, value=//a[contains(text(), &apos;Group 5 article 2015-07-21 23:07:49:749&apos;)]/ancestor::tr/td[4]/img[@alt=&apos;Unfeatured article&apos;]}"
              >
<![CDATA[org.openqa.selenium.NoSuchElementException: Unable to locate element: {"method":"xpath","selector":"//a[contains(text(), 'Group 5 article 2015-07-21 23:07:49:749')]/ancestor::tr/td[4]/img[@alt='Unfeatured article']"}
Command duration or timeout: 20.12 seconds
For documentation on this error, please visit: http://seleniumhq.org/exceptions/no_such_element.html
Build info: version: '2.45.0', revision: '32a636c', time: '2015-03-05 22:01:35'
System info: host: 'HoangHai-PC', ip: '192.168.42.138', os.name: 'Windows 7', os.arch: 'x86', os.version: '6.1', java.version: '1.8.0_20'
Driver info: org.openqa.selenium.firefox.FirefoxDriver
Capabilities [{applicationCacheEnabled=true, rotatable=false, handlesAlerts=true, databaseEnabled=true, version=29.0.1, platform=WINDOWS, browserConnectionEnabled=true, nativeEvents=false, acceptSslCerts=true, webStorageEnabled=true, locationContextEnabled=true, browserName=firefox, takesScreenshot=true, javascriptEnabled=true, cssSelectorsEnabled=true}]
Session ID: beef5fb7-78e1-4264-bb3f-9276cadc4fbd
*** Element info: {Using=xpath, value=//a[contains(text(), 'Group 5 article 2015-07-21 23:07:49:749')]/ancestor::tr/td[4]/img[@alt='Unfeatured article']}
  sun.reflect.NativeConstructorAccessorImpl.newInstance0(Native Method)
  sun.reflect.NativeConstructorAccessorImpl.newInstance(Unknown Source)
  sun.reflect.DelegatingConstructorAccessorImpl.newInstance(Unknown Source)
  java.lang.reflect.Constructor.newInstance(Unknown Source)
  org.openqa.selenium.remote.ErrorHandler.createThrowable(ErrorHandler.java:204)
  org.openqa.selenium.remote.ErrorHandler.throwIfResponseFailed(ErrorHandler.java:156)
  org.openqa.selenium.remote.RemoteWebDriver.execute(RemoteWebDriver.java:599)
  org.openqa.selenium.remote.RemoteWebDriver.findElement(RemoteWebDriver.java:352)
  org.openqa.selenium.remote.RemoteWebDriver.findElementByXPath(RemoteWebDriver.java:449)
  org.openqa.selenium.By$ByXPath.findElement(By.java:357)
  org.openqa.selenium.remote.RemoteWebDriver.findElement(RemoteWebDriver.java:344)
  abstracts.AbstractPage.getWebElement(AbstractPage.java:28)
  pages.Article_manager_page.clickChangeFeature(Article_manager_page.java:142)
  testcases.article.TM_Article_001.TC_JOOMLA_ARTICLE_016(TM_Article_001.java:60)
  sun.reflect.NativeMethodAccessorImpl.invoke0(Native Method)
  sun.reflect.NativeMethodAccessorImpl.invoke(Unknown Source)
  sun.reflect.DelegatingMethodAccessorImpl.invoke(Unknown Source)
  java.lang.reflect.Method.invoke(Unknown Source)
  org.testng.internal.MethodInvocationHelper.invokeMethod(MethodInvocationHelper.java:84)
  org.testng.internal.Invoker.invokeMethod(Invoker.java:714)
  org.testng.internal.Invoker.invokeTestMethod(Invoker.java:901)
  org.testng.internal.Invoker.invokeTestMethods(Invoker.java:1231)
  org.testng.internal.TestMethodWorker.invokeTestMethods(TestMethodWorker.java:127)
  org.testng.internal.TestMethodWorker.run(TestMethodWorker.java:111)
  org.testng.TestRunner.privateRun(TestRunner.java:767)
  org.testng.TestRunner.run(TestRunner.java:617)
  org.testng.SuiteRunner.runTest(SuiteRunner.java:334)
  org.testng.SuiteRunner.runSequentially(SuiteRunner.java:329)
  org.testng.SuiteRunner.privateRun(SuiteRunner.java:291)
  org.testng.SuiteRunner.run(SuiteRunner.java:240)
  org.testng.SuiteRunnerWorker.runSuite(SuiteRunnerWorker.java:52)
  org.testng.SuiteRunnerWorker.run(SuiteRunnerWorker.java:86)
  org.testng.TestNG.runSuitesSequentially(TestNG.java:1224)
  org.testng.TestNG.runSuitesLocally(TestNG.java:1149)
  org.testng.TestNG.run(TestNG.java:1057)
  org.testng.remote.RemoteTestNG.run(RemoteTestNG.java:111)
  org.testng.remote.RemoteTestNG.initAndRun(RemoteTestNG.java:204)
  org.testng.remote.RemoteTestNG.main(RemoteTestNG.java:175)
Caused by: org.openqa.selenium.NoSuchElementException: Unable to locate element: {"method":"xpath","selector":"//a[contains(text(), 'Group 5 article 2015-07-21 23:07:49:749')]/ancestor::tr/td[4]/img[@alt='Unfeatured article']"}
For documentation on this error, please visit: http://seleniumhq.org/exceptions/no_such_element.html
Build info: version: '2.45.0', revision: '32a636c', time: '2015-03-05 22:01:35'
System info: host: 'HoangHai-PC', ip: '192.168.42.138', os.name: 'Windows 7', os.arch: 'x86', os.version: '6.1', java.version: '1.8.0_20'
Driver info: driver.version: unknown
  <anonymous class>.FirefoxDriver.prototype.findElementInternal_(file:///C:/Users/HOANGH~1/AppData/Local/Temp/anonymous5367843000981051365webdriver-profile/extensions/fxdriver@googlecode.com/components/driver-component.js:10271)
  <anonymous class>.fxdriver.Timer.prototype.setTimeout/<.notify(file:///C:/Users/HOANGH~1/AppData/Local/Temp/anonymous5367843000981051365webdriver-profile/extensions/fxdriver@googlecode.com/components/driver-component.js:603)
]]>
      </failure>

          </testcase>
  
  
            <testcase name="TC_JOOMLA_ARTICLE_001" time="15.668" classname="testcases.article.TM_Article_001" />
                <testcase name="TC_JOOMLA_ARTICLE_005" time="15.273" classname="testcases.article.TM_Article_001" />
                <testcase name="TC_JOOMLA_ARTICLE_002" time="11.680" classname="testcases.article.TM_Article_001" />
                <testcase name="TC_JOOMLA_ARTICLE_017" time="2.330" classname="testcases.article.TM_Article_001" />
                <testcase name="TC_JOOMLA_ARTICLE_003" time="8.591" classname="testcases.article.TM_Article_001" />
                <testcase name="TC_JOOMLA_ARTICLE_004" time="8.577" classname="testcases.article.TM_Article_001" />
                <testcase name="TC_JOOMLA_ARTICLE_010" time="8.419" classname="testcases.article.TM_Article_001" />
                <testcase name="TC_JOOMLA_ARTICLE_009" time="2.333" classname="testcases.article.TM_Article_001" />
      
</testsuite>
