<html>
<head>
<title>TestNG:  TM_Banner</title>
<link href="../testng.css" rel="stylesheet" type="text/css" />
<link href="../my-testng.css" rel="stylesheet" type="text/css" />

<style type="text/css">
.log { display: none;} 
.stack-trace { display: none;} 
</style>
<script type="text/javascript">
<!--
function flip(e) {
  current = e.style.display;
  if (current == 'block') {
    e.style.display = 'none';
    return 0;
  }
  else {
    e.style.display = 'block';
    return 1;
  }
}

function toggleBox(szDivId, elem, msg1, msg2)
{
  var res = -1;  if (document.getElementById) {
    res = flip(document.getElementById(szDivId));
  }
  else if (document.all) {
    // this is the way old msie versions work
    res = flip(document.all[szDivId]);
  }
  if(elem) {
    if(res == 0) elem.innerHTML = msg1; else elem.innerHTML = msg2;
  }

}

function toggleAllBoxes() {
  if (document.getElementsByTagName) {
    d = document.getElementsByTagName('div');
    for (i = 0; i < d.length; i++) {
      if (d[i].className == 'log') {
        flip(d[i]);
      }
    }
  }
}

// -->
</script>

</head>
<body>
<h2 align='center'>TM_Banner</h2><table border='1' align="center">
<tr>
<td>Tests passed/Failed/Skipped:</td><td>0/2/13</td>
</tr><tr>
<td>Started on:</td><td>Wed Aug 05 17:17:49 ICT 2015</td>
</tr>
<tr><td>Total time:</td><td>110 seconds (110540 ms)</td>
</tr><tr>
<td>Included groups:</td><td></td>
</tr><tr>
<td>Excluded groups:</td><td></td>
</tr>
</table><p/>
<small><i>(Hover the method name to see the test class name)</i></small><p/>
<table width='100%' border='1' class='invocation-failed'>
<tr><td colspan='4' align='center'><b>FAILED TESTS</b></td></tr>
<tr><td><b>Test method</b></td>
<td width="30%"><b>Exception</b></td>
<td width="10%"><b>Time (seconds)</b></td>
<td><b>Instance</b></td>
</tr>
<tr>
<td title='testcases.banners.TM_Banner_001.TC_JOOMLA_BANNERS_BANNERS_001()'><b>TC_JOOMLA_BANNERS_BANNERS_001</b><br>Test class: testcases.banners.TM_Banner_001<br>Test method: Verify that user can create new banner<br/>
<a href="#Output-11566889" onClick='toggleBox("Output-11566889", this, "Show output", "Hide output");'>Show output</a>

<a href="#Output-11566889" onClick="toggleAllBoxes();">Show all outputs</a>
<div class='log' id="Output-11566889">
VP: Banner Client successfully saved message is displayed - PASSED<br/>
VP: Banner Client is created successfully - PASSED<br/>
</div>
</td>
<td><div><pre>org.openqa.selenium.NoSuchElementException: Unable to find element with xpath == //input[@id=&apos;jform_title&apos;] (WARNING: The server did not provide any stacktrace information)
Command duration or timeout: 30.18 seconds
For documentation on this error, please visit: http://seleniumhq.org/exceptions/no_such_element.html
Build info: version: &apos;2.44.0&apos;, revision: &apos;76d78cf&apos;, time: &apos;2014-10-23 20:02:37&apos;
System info: host: &apos;SCD062719&apos;, ip: &apos;192.168.1.17&apos;, os.name: &apos;Windows 7&apos;, os.arch: &apos;x86&apos;, os.version: &apos;6.1&apos;, java.version: &apos;1.8.0_45&apos;
Driver info: org.openqa.selenium.ie.InternetExplorerDriver
Capabilities [{browserAttachTimeout=0, enablePersistentHover=false, ie.forceCreateProcessApi=false, pageLoadStrategy=normal, ie.usePerProcessProxy=false, ignoreZoomSetting=false, handlesAlerts=true, version=11, platform=WINDOWS, nativeEvents=true, ie.ensureCleanSession=false, elementScrollBehavior=0, ie.browserCommandLineSwitches=, requireWindowFocus=false, browserName=internet explorer, initialBrowserUrl=http://localhost:16613/, takesScreenshot=true, javascriptEnabled=true, ignoreProtectedModeSettings=false, enableElementCacheCleanup=true, cssSelectorsEnabled=true, unexpectedAlertBehaviour=dismiss}]
Session ID: 085015b7-3ae0-4299-8fca-055f4649290f
	at org.openqa.selenium.remote.ErrorHandler.createThrowable(ErrorHandler.java:204)
	at org.openqa.selenium.remote.ErrorHandler.throwIfResponseFailed(ErrorHandler.java:156)
	at org.openqa.selenium.remote.RemoteWebDriver.execute(RemoteWebDriver.java:599)
	at org.openqa.selenium.remote.RemoteWebDriver.findElement(RemoteWebDriver.java:352)
	at org.openqa.selenium.remote.RemoteWebDriver.findElementByXPath(RemoteWebDriver.java:449)
	at org.openqa.selenium.By$ByXPath.findElement(By.java:357)
	at org.openqa.selenium.remote.RemoteWebDriver.findElement(RemoteWebDriver.java:344)
	at org.openqa.selenium.support.pagefactory.DefaultElementLocator.findElement(DefaultElementLocator.java:59)
	at org.openqa.selenium.support.pagefactory.internal.LocatingElementHandler.invoke(LocatingElementHandler.java:37)
	at com.sun.proxy.$Proxy10.clear(Unknown Source)
	at pages.Banner_Category_add_edit_page.enterData(Banner_Category_add_edit_page.java:22)
	at testcases.banners.TM_Banner_001.TC_JOOMLA_BANNERS_BANNERS_001(TM_Banner_001.java:54)
... Removed 28 stack frames</pre></div><a href='#' onClick='toggleBox("stack-trace11566889", this, "Click to show all stack frames", "Click to hide stack frames")'>Click to show all stack frames</a>
<div class='stack-trace' id='stack-trace11566889'><pre>org.openqa.selenium.NoSuchElementException: Unable to find element with xpath == //input[@id=&apos;jform_title&apos;] (WARNING: The server did not provide any stacktrace information)
Command duration or timeout: 30.18 seconds
For documentation on this error, please visit: http://seleniumhq.org/exceptions/no_such_element.html
Build info: version: &apos;2.44.0&apos;, revision: &apos;76d78cf&apos;, time: &apos;2014-10-23 20:02:37&apos;
System info: host: &apos;SCD062719&apos;, ip: &apos;192.168.1.17&apos;, os.name: &apos;Windows 7&apos;, os.arch: &apos;x86&apos;, os.version: &apos;6.1&apos;, java.version: &apos;1.8.0_45&apos;
Driver info: org.openqa.selenium.ie.InternetExplorerDriver
Capabilities [{browserAttachTimeout=0, enablePersistentHover=false, ie.forceCreateProcessApi=false, pageLoadStrategy=normal, ie.usePerProcessProxy=false, ignoreZoomSetting=false, handlesAlerts=true, version=11, platform=WINDOWS, nativeEvents=true, ie.ensureCleanSession=false, elementScrollBehavior=0, ie.browserCommandLineSwitches=, requireWindowFocus=false, browserName=internet explorer, initialBrowserUrl=http://localhost:16613/, takesScreenshot=true, javascriptEnabled=true, ignoreProtectedModeSettings=false, enableElementCacheCleanup=true, cssSelectorsEnabled=true, unexpectedAlertBehaviour=dismiss}]
Session ID: 085015b7-3ae0-4299-8fca-055f4649290f
	at sun.reflect.NativeConstructorAccessorImpl.newInstance0(Native Method)
	at sun.reflect.NativeConstructorAccessorImpl.newInstance(Unknown Source)
	at sun.reflect.DelegatingConstructorAccessorImpl.newInstance(Unknown Source)
	at java.lang.reflect.Constructor.newInstance(Unknown Source)
	at org.openqa.selenium.remote.ErrorHandler.createThrowable(ErrorHandler.java:204)
	at org.openqa.selenium.remote.ErrorHandler.throwIfResponseFailed(ErrorHandler.java:156)
	at org.openqa.selenium.remote.RemoteWebDriver.execute(RemoteWebDriver.java:599)
	at org.openqa.selenium.remote.RemoteWebDriver.findElement(RemoteWebDriver.java:352)
	at org.openqa.selenium.remote.RemoteWebDriver.findElementByXPath(RemoteWebDriver.java:449)
	at org.openqa.selenium.By$ByXPath.findElement(By.java:357)
	at org.openqa.selenium.remote.RemoteWebDriver.findElement(RemoteWebDriver.java:344)
	at org.openqa.selenium.support.pagefactory.DefaultElementLocator.findElement(DefaultElementLocator.java:59)
	at org.openqa.selenium.support.pagefactory.internal.LocatingElementHandler.invoke(LocatingElementHandler.java:37)
	at com.sun.proxy.$Proxy10.clear(Unknown Source)
	at pages.Banner_Category_add_edit_page.enterData(Banner_Category_add_edit_page.java:22)
	at testcases.banners.TM_Banner_001.TC_JOOMLA_BANNERS_BANNERS_001(TM_Banner_001.java:54)
	at sun.reflect.NativeMethodAccessorImpl.invoke0(Native Method)
	at sun.reflect.NativeMethodAccessorImpl.invoke(Unknown Source)
	at sun.reflect.DelegatingMethodAccessorImpl.invoke(Unknown Source)
	at java.lang.reflect.Method.invoke(Unknown Source)
	at org.testng.internal.MethodInvocationHelper.invokeMethod(MethodInvocationHelper.java:84)
	at org.testng.internal.Invoker.invokeMethod(Invoker.java:714)
	at org.testng.internal.Invoker.invokeTestMethod(Invoker.java:901)
	at org.testng.internal.Invoker.invokeTestMethods(Invoker.java:1231)
	at org.testng.internal.TestMethodWorker.invokeTestMethods(TestMethodWorker.java:127)
	at org.testng.internal.TestMethodWorker.run(TestMethodWorker.java:111)
	at org.testng.TestRunner.privateRun(TestRunner.java:767)
	at org.testng.TestRunner.run(TestRunner.java:617)
	at org.testng.SuiteRunner.runTest(SuiteRunner.java:334)
	at org.testng.SuiteRunner.runSequentially(SuiteRunner.java:329)
	at org.testng.SuiteRunner.privateRun(SuiteRunner.java:291)
	at org.testng.SuiteRunner.run(SuiteRunner.java:240)
	at org.testng.SuiteRunnerWorker.runSuite(SuiteRunnerWorker.java:52)
	at org.testng.SuiteRunnerWorker.run(SuiteRunnerWorker.java:86)
	at org.testng.TestNG.runSuitesSequentially(TestNG.java:1224)
	at org.testng.TestNG.runSuitesLocally(TestNG.java:1149)
	at org.testng.TestNG.run(TestNG.java:1057)
	at org.testng.remote.RemoteTestNG.run(RemoteTestNG.java:111)
	at org.testng.remote.RemoteTestNG.initAndRun(RemoteTestNG.java:204)
	at org.testng.remote.RemoteTestNG.main(RemoteTestNG.java:175)
</pre></div></td>
<td>46</td>
<td>testcases.banners.TM_Banner_001@10f6bfd</td></tr>
<tr>
<td title='testcases.banners.TM_Banner_002.TC_JOOMLA_BANNERS_BANNERS_010()'><b>TC_JOOMLA_BANNERS_BANNERS_010</b><br>Test class: testcases.banners.TM_Banner_002<br>Test method: Verify that user can check in a banner<br/>
<a href="#Output-25672740" onClick='toggleBox("Output-25672740", this, "Show output", "Hide output");'>Show output</a>

<a href="#Output-25672740" onClick="toggleAllBoxes();">Show all outputs</a>
<div class='log' id="Output-25672740">
VP: Banner Client successfully saved message is displayed - PASSED<br/>
VP: Banner Client is created successfully - PASSED<br/>
</div>
</td>
<td><div><pre>org.openqa.selenium.NoSuchElementException: Unable to find element with xpath == //input[@id=&apos;jform_title&apos;] (WARNING: The server did not provide any stacktrace information)
Command duration or timeout: 30.17 seconds
For documentation on this error, please visit: http://seleniumhq.org/exceptions/no_such_element.html
Build info: version: &apos;2.44.0&apos;, revision: &apos;76d78cf&apos;, time: &apos;2014-10-23 20:02:37&apos;
System info: host: &apos;SCD062719&apos;, ip: &apos;192.168.1.17&apos;, os.name: &apos;Windows 7&apos;, os.arch: &apos;x86&apos;, os.version: &apos;6.1&apos;, java.version: &apos;1.8.0_45&apos;
Driver info: org.openqa.selenium.ie.InternetExplorerDriver
Capabilities [{browserAttachTimeout=0, enablePersistentHover=false, ie.forceCreateProcessApi=false, pageLoadStrategy=normal, ie.usePerProcessProxy=false, ignoreZoomSetting=false, handlesAlerts=true, version=11, platform=WINDOWS, nativeEvents=true, ie.ensureCleanSession=false, elementScrollBehavior=0, ie.browserCommandLineSwitches=, requireWindowFocus=false, browserName=internet explorer, initialBrowserUrl=http://localhost:46546/, takesScreenshot=true, javascriptEnabled=true, ignoreProtectedModeSettings=false, enableElementCacheCleanup=true, cssSelectorsEnabled=true, unexpectedAlertBehaviour=dismiss}]
Session ID: 3d9adb15-1ff0-4d6a-bbed-9ea67b54beb6
	at org.openqa.selenium.remote.ErrorHandler.createThrowable(ErrorHandler.java:204)
	at org.openqa.selenium.remote.ErrorHandler.throwIfResponseFailed(ErrorHandler.java:156)
	at org.openqa.selenium.remote.RemoteWebDriver.execute(RemoteWebDriver.java:599)
	at org.openqa.selenium.remote.RemoteWebDriver.findElement(RemoteWebDriver.java:352)
	at org.openqa.selenium.remote.RemoteWebDriver.findElementByXPath(RemoteWebDriver.java:449)
	at org.openqa.selenium.By$ByXPath.findElement(By.java:357)
	at org.openqa.selenium.remote.RemoteWebDriver.findElement(RemoteWebDriver.java:344)
	at org.openqa.selenium.support.pagefactory.DefaultElementLocator.findElement(DefaultElementLocator.java:59)
	at org.openqa.selenium.support.pagefactory.internal.LocatingElementHandler.invoke(LocatingElementHandler.java:37)
	at com.sun.proxy.$Proxy10.clear(Unknown Source)
	at pages.Banner_Category_add_edit_page.enterData(Banner_Category_add_edit_page.java:22)
	at testcases.banners.TM_Banner_002.TC_JOOMLA_BANNERS_BANNERS_010(TM_Banner_002.java:58)
... Removed 28 stack frames</pre></div><a href='#' onClick='toggleBox("stack-trace25672740", this, "Click to show all stack frames", "Click to hide stack frames")'>Click to show all stack frames</a>
<div class='stack-trace' id='stack-trace25672740'><pre>org.openqa.selenium.NoSuchElementException: Unable to find element with xpath == //input[@id=&apos;jform_title&apos;] (WARNING: The server did not provide any stacktrace information)
Command duration or timeout: 30.17 seconds
For documentation on this error, please visit: http://seleniumhq.org/exceptions/no_such_element.html
Build info: version: &apos;2.44.0&apos;, revision: &apos;76d78cf&apos;, time: &apos;2014-10-23 20:02:37&apos;
System info: host: &apos;SCD062719&apos;, ip: &apos;192.168.1.17&apos;, os.name: &apos;Windows 7&apos;, os.arch: &apos;x86&apos;, os.version: &apos;6.1&apos;, java.version: &apos;1.8.0_45&apos;
Driver info: org.openqa.selenium.ie.InternetExplorerDriver
Capabilities [{browserAttachTimeout=0, enablePersistentHover=false, ie.forceCreateProcessApi=false, pageLoadStrategy=normal, ie.usePerProcessProxy=false, ignoreZoomSetting=false, handlesAlerts=true, version=11, platform=WINDOWS, nativeEvents=true, ie.ensureCleanSession=false, elementScrollBehavior=0, ie.browserCommandLineSwitches=, requireWindowFocus=false, browserName=internet explorer, initialBrowserUrl=http://localhost:46546/, takesScreenshot=true, javascriptEnabled=true, ignoreProtectedModeSettings=false, enableElementCacheCleanup=true, cssSelectorsEnabled=true, unexpectedAlertBehaviour=dismiss}]
Session ID: 3d9adb15-1ff0-4d6a-bbed-9ea67b54beb6
	at sun.reflect.NativeConstructorAccessorImpl.newInstance0(Native Method)
	at sun.reflect.NativeConstructorAccessorImpl.newInstance(Unknown Source)
	at sun.reflect.DelegatingConstructorAccessorImpl.newInstance(Unknown Source)
	at java.lang.reflect.Constructor.newInstance(Unknown Source)
	at org.openqa.selenium.remote.ErrorHandler.createThrowable(ErrorHandler.java:204)
	at org.openqa.selenium.remote.ErrorHandler.throwIfResponseFailed(ErrorHandler.java:156)
	at org.openqa.selenium.remote.RemoteWebDriver.execute(RemoteWebDriver.java:599)
	at org.openqa.selenium.remote.RemoteWebDriver.findElement(RemoteWebDriver.java:352)
	at org.openqa.selenium.remote.RemoteWebDriver.findElementByXPath(RemoteWebDriver.java:449)
	at org.openqa.selenium.By$ByXPath.findElement(By.java:357)
	at org.openqa.selenium.remote.RemoteWebDriver.findElement(RemoteWebDriver.java:344)
	at org.openqa.selenium.support.pagefactory.DefaultElementLocator.findElement(DefaultElementLocator.java:59)
	at org.openqa.selenium.support.pagefactory.internal.LocatingElementHandler.invoke(LocatingElementHandler.java:37)
	at com.sun.proxy.$Proxy10.clear(Unknown Source)
	at pages.Banner_Category_add_edit_page.enterData(Banner_Category_add_edit_page.java:22)
	at testcases.banners.TM_Banner_002.TC_JOOMLA_BANNERS_BANNERS_010(TM_Banner_002.java:58)
	at sun.reflect.NativeMethodAccessorImpl.invoke0(Native Method)
	at sun.reflect.NativeMethodAccessorImpl.invoke(Unknown Source)
	at sun.reflect.DelegatingMethodAccessorImpl.invoke(Unknown Source)
	at java.lang.reflect.Method.invoke(Unknown Source)
	at org.testng.internal.MethodInvocationHelper.invokeMethod(MethodInvocationHelper.java:84)
	at org.testng.internal.Invoker.invokeMethod(Invoker.java:714)
	at org.testng.internal.Invoker.invokeTestMethod(Invoker.java:901)
	at org.testng.internal.Invoker.invokeTestMethods(Invoker.java:1231)
	at org.testng.internal.TestMethodWorker.invokeTestMethods(TestMethodWorker.java:127)
	at org.testng.internal.TestMethodWorker.run(TestMethodWorker.java:111)
	at org.testng.TestRunner.privateRun(TestRunner.java:767)
	at org.testng.TestRunner.run(TestRunner.java:617)
	at org.testng.SuiteRunner.runTest(SuiteRunner.java:334)
	at org.testng.SuiteRunner.runSequentially(SuiteRunner.java:329)
	at org.testng.SuiteRunner.privateRun(SuiteRunner.java:291)
	at org.testng.SuiteRunner.run(SuiteRunner.java:240)
	at org.testng.SuiteRunnerWorker.runSuite(SuiteRunnerWorker.java:52)
	at org.testng.SuiteRunnerWorker.run(SuiteRunnerWorker.java:86)
	at org.testng.TestNG.runSuitesSequentially(TestNG.java:1224)
	at org.testng.TestNG.runSuitesLocally(TestNG.java:1149)
	at org.testng.TestNG.run(TestNG.java:1057)
	at org.testng.remote.RemoteTestNG.run(RemoteTestNG.java:111)
	at org.testng.remote.RemoteTestNG.initAndRun(RemoteTestNG.java:204)
	at org.testng.remote.RemoteTestNG.main(RemoteTestNG.java:175)
</pre></div></td>
<td>46</td>
<td>testcases.banners.TM_Banner_002@6e2eef</td></tr>
</table><p>
<table width='100%' border='1' class='invocation-skipped'>
<tr><td colspan='4' align='center'><b>SKIPPED TESTS</b></td></tr>
<tr><td><b>Test method</b></td>
<td width="30%"><b>Exception</b></td>
<td width="10%"><b>Time (seconds)</b></td>
<td><b>Instance</b></td>
</tr>
<tr>
<td title='testcases.banners.TM_Banner_001.TC_JOOMLA_BANNERS_BANNERS_002()'><b>TC_JOOMLA_BANNERS_BANNERS_002</b><br>Test class: testcases.banners.TM_Banner_001<br>Test method: Verify that user can edit a banner</td>
<td></td>
<td>0</td>
<td>null</td></tr>
<tr>
<td title='testcases.banners.TM_Banner_001.TC_JOOMLA_BANNERS_BANNERS_003()'><b>TC_JOOMLA_BANNERS_BANNERS_003</b><br>Test class: testcases.banners.TM_Banner_001<br>Test method: Verify that user can create a new banner with 'unpublished' status</td>
<td></td>
<td>0</td>
<td>null</td></tr>
<tr>
<td title='testcases.banners.TM_Banner_001.TC_JOOMLA_BANNERS_BANNERS_004()'><b>TC_JOOMLA_BANNERS_BANNERS_004</b><br>Test class: testcases.banners.TM_Banner_001<br>Test method: Verify that user can unpublish a banner</td>
<td></td>
<td>0</td>
<td>null</td></tr>
<tr>
<td title='testcases.banners.TM_Banner_001.TC_JOOMLA_BANNERS_BANNERS_005()'><b>TC_JOOMLA_BANNERS_BANNERS_005</b><br>Test class: testcases.banners.TM_Banner_001<br>Test method: Verify that user can archive a Banner</td>
<td></td>
<td>0</td>
<td>null</td></tr>
<tr>
<td title='testcases.banners.TM_Banner_001.TC_JOOMLA_BANNERS_BANNERS_006()'><b>TC_JOOMLA_BANNERS_BANNERS_006</b><br>Test class: testcases.banners.TM_Banner_001<br>Test method: Verify that user can send a Banner to trash</td>
<td></td>
<td>0</td>
<td>null</td></tr>
<tr>
<td title='testcases.banners.TM_Banner_001.TC_JOOMLA_BANNERS_BANNERS_007()'><b>TC_JOOMLA_BANNERS_BANNERS_007</b><br>Test class: testcases.banners.TM_Banner_001<br>Test method: Verify that user can browse 'Banner help' page</td>
<td></td>
<td>0</td>
<td>null</td></tr>
<tr>
<td title='testcases.banners.TM_Banner_001.TC_JOOMLA_BANNERS_BANNERS_008()'><b>TC_JOOMLA_BANNERS_BANNERS_008</b><br>Test class: testcases.banners.TM_Banner_001<br>Test method: Verify that user can search a banner by using filter textbox</td>
<td></td>
<td>0</td>
<td>null</td></tr>
<tr>
<td title='testcases.banners.TM_Banner_001.TC_JOOMLA_BANNERS_BANNERS_009()'><b>TC_JOOMLA_BANNERS_BANNERS_009</b><br>Test class: testcases.banners.TM_Banner_001<br>Test method: Verify that user can search a banner by using filter dropdown list</td>
<td></td>
<td>0</td>
<td>null</td></tr>
<tr>
<td title='testcases.banners.TM_Banner_002.TC_JOOMLA_BANNERS_BANNERS_011()'><b>TC_JOOMLA_BANNERS_BANNERS_011</b><br>Test class: testcases.banners.TM_Banner_002<br>Test method: Verify that user can create many banners by using 'Save & New' button</td>
<td></td>
<td>0</td>
<td>null</td></tr>
<tr>
<td title='testcases.banners.TM_Banner_002.TC_JOOMLA_BANNERS_BANNERS_012()'><b>TC_JOOMLA_BANNERS_BANNERS_012</b><br>Test class: testcases.banners.TM_Banner_002<br>Test method: Verify that user can browse 'New Banner help' page in 'New banner' page</td>
<td></td>
<td>0</td>
<td>null</td></tr>
<tr>
<td title='testcases.banners.TM_Banner_002.TC_JOOMLA_BANNERS_BANNERS_013()'><b>TC_JOOMLA_BANNERS_BANNERS_013</b><br>Test class: testcases.banners.TM_Banner_002<br>Test method: Verify that user can create a new banner by using 'Save as Copy' button</td>
<td></td>
<td>0</td>
<td>null</td></tr>
<tr>
<td title='testcases.banners.TM_Banner_002.TC_JOOMLA_BANNERS_BANNERS_014()'><b>TC_JOOMLA_BANNERS_BANNERS_014</b><br>Test class: testcases.banners.TM_Banner_002<br>Test method: Verify that user cannot create a new banner without entering the name of the banner</td>
<td></td>
<td>0</td>
<td>null</td></tr>
<tr>
<td title='testcases.banners.TM_Banner_002.TC_JOOMLA_BANNERS_BANNERS_017()'><b>TC_JOOMLA_BANNERS_BANNERS_017</b><br>Test class: testcases.banners.TM_Banner_002<br>Test method: Verify that user can access 'Banner clients' page while browsing 'Banner' page</td>
<td></td>
<td>0</td>
<td>null</td></tr>
</table><p>
</body>
</html>