<?xml version="1.0" encoding="UTF-8"?>
<!-- Generated by org.testng.reporters.JUnitXMLReporter -->
<testsuite hostname="SCD062719" name="TM_Banner" tests="15" failures="2" timestamp="5 Aug 2015 10:19:39 GMT" time="110.54" errors="0">
  <testcase name="TC_JOOMLA_BANNERS_BANNERS_001" time="46.343" classname="testcases.banners.TM_Banner_001">
    <failure type="org.openqa.selenium.NoSuchElementException" message="Unable to find element with xpath == //input[@id=&amp;apos;jform_title&amp;apos;] (WARNING: The server did not provide any stacktrace information)
Command duration or timeout: 30.18 seconds
For documentation on this error, please visit: http://seleniumhq.org/exceptions/no_such_element.html
Build info: version: &amp;apos;2.44.0&amp;apos;, revision: &amp;apos;76d78cf&amp;apos;, time: &amp;apos;2014-10-23 20:02:37&amp;apos;
System info: host: &amp;apos;SCD062719&amp;apos;, ip: &amp;apos;192.168.1.17&amp;apos;, os.name: &amp;apos;Windows 7&amp;apos;, os.arch: &amp;apos;x86&amp;apos;, os.version: &amp;apos;6.1&amp;apos;, java.version: &amp;apos;1.8.0_45&amp;apos;
Driver info: org.openqa.selenium.ie.InternetExplorerDriver
Capabilities [{browserAttachTimeout=0, enablePersistentHover=false, ie.forceCreateProcessApi=false, pageLoadStrategy=normal, ie.usePerProcessProxy=false, ignoreZoomSetting=false, handlesAlerts=true, version=11, platform=WINDOWS, nativeEvents=true, ie.ensureCleanSession=false, elementScrollBehavior=0, ie.browserCommandLineSwitches=, requireWindowFocus=false, browserName=internet explorer, initialBrowserUrl=http://localhost:16613/, takesScreenshot=true, javascriptEnabled=true, ignoreProtectedModeSettings=false, enableElementCacheCleanup=true, cssSelectorsEnabled=true, unexpectedAlertBehaviour=dismiss}]
Session ID: 085015b7-3ae0-4299-8fca-055f4649290f">
      <![CDATA[org.openqa.selenium.NoSuchElementException: Unable to find element with xpath == //input[@id='jform_title'] (WARNING: The server did not provide any stacktrace information)
Command duration or timeout: 30.18 seconds
For documentation on this error, please visit: http://seleniumhq.org/exceptions/no_such_element.html
Build info: version: '2.44.0', revision: '76d78cf', time: '2014-10-23 20:02:37'
System info: host: 'SCD062719', ip: '192.168.1.17', os.name: 'Windows 7', os.arch: 'x86', os.version: '6.1', java.version: '1.8.0_45'
Driver info: org.openqa.selenium.ie.InternetExplorerDriver
Capabilities [{browserAttachTimeout=0, enablePersistentHover=false, ie.forceCreateProcessApi=false, pageLoadStrategy=normal, ie.usePerProcessProxy=false, ignoreZoomSetting=false, handlesAlerts=true, version=11, platform=WINDOWS, nativeEvents=true, ie.ensureCleanSession=false, elementScrollBehavior=0, ie.browserCommandLineSwitches=, requireWindowFocus=false, browserName=internet explorer, initialBrowserUrl=http://localhost:16613/, takesScreenshot=true, javascriptEnabled=true, ignoreProtectedModeSettings=false, enableElementCacheCleanup=true, cssSelectorsEnabled=true, unexpectedAlertBehaviour=dismiss}]
Session ID: 085015b7-3ae0-4299-8fca-055f4649290f
	at org.openqa.selenium.remote.ErrorHandler.createThrowable(ErrorHandler.java:204)
	at org.openqa.selenium.remote.ErrorHandler.throwIfResponseFailed(ErrorHandler.java:156)
	at org.openqa.selenium.remote.RemoteWebDriver.execute(RemoteWebDriver.java:599)
	at org.openqa.selenium.remote.RemoteWebDriver.findElement(RemoteWebDriver.java:352)
	at org.openqa.selenium.remote.RemoteWebDriver.findElementByXPath(RemoteWebDriver.java:449)
	at org.openqa.selenium.By$ByXPath.findElement(By.java:357)
	at org.openqa.selenium.remote.RemoteWebDriver.findElement(RemoteWebDriver.java:344)
	at org.openqa.selenium.support.pagefactory.DefaultElementLocator.findElement(DefaultElementLocator.java:59)
	at org.openqa.selenium.support.pagefactory.internal.LocatingElementHandler.invoke(LocatingElementHandler.java:37)
	at com.sun.proxy.$Proxy10.clear(Unknown Source)
	at pages.Banner_Category_add_edit_page.enterData(Banner_Category_add_edit_page.java:22)
	at testcases.banners.TM_Banner_001.TC_JOOMLA_BANNERS_BANNERS_001(TM_Banner_001.java:54)
... Removed 28 stack frames]]>
    </failure>
  </testcase> <!-- TC_JOOMLA_BANNERS_BANNERS_001 -->
  <testcase name="TC_JOOMLA_BANNERS_BANNERS_007" time="0.001" classname="testcases.banners.TM_Banner_001">
    <skipped/>
  </testcase> <!-- TC_JOOMLA_BANNERS_BANNERS_007 -->
  <testcase name="TC_JOOMLA_BANNERS_BANNERS_008" time="0.0" classname="testcases.banners.TM_Banner_001">
    <skipped/>
  </testcase> <!-- TC_JOOMLA_BANNERS_BANNERS_008 -->
  <testcase name="TC_JOOMLA_BANNERS_BANNERS_002" time="0.001" classname="testcases.banners.TM_Banner_001">
    <skipped/>
  </testcase> <!-- TC_JOOMLA_BANNERS_BANNERS_002 -->
  <testcase name="TC_JOOMLA_BANNERS_BANNERS_009" time="0.0" classname="testcases.banners.TM_Banner_001">
    <skipped/>
  </testcase> <!-- TC_JOOMLA_BANNERS_BANNERS_009 -->
  <testcase name="TC_JOOMLA_BANNERS_BANNERS_004" time="0.0" classname="testcases.banners.TM_Banner_001">
    <skipped/>
  </testcase> <!-- TC_JOOMLA_BANNERS_BANNERS_004 -->
  <testcase name="TC_JOOMLA_BANNERS_BANNERS_003" time="0.0" classname="testcases.banners.TM_Banner_001">
    <skipped/>
  </testcase> <!-- TC_JOOMLA_BANNERS_BANNERS_003 -->
  <testcase name="TC_JOOMLA_BANNERS_BANNERS_005" time="0.0" classname="testcases.banners.TM_Banner_001">
    <skipped/>
  </testcase> <!-- TC_JOOMLA_BANNERS_BANNERS_005 -->
  <testcase name="TC_JOOMLA_BANNERS_BANNERS_006" time="0.0" classname="testcases.banners.TM_Banner_001">
    <skipped/>
  </testcase> <!-- TC_JOOMLA_BANNERS_BANNERS_006 -->
  <testcase name="TC_JOOMLA_BANNERS_BANNERS_010" time="46.066" classname="testcases.banners.TM_Banner_002">
    <failure type="org.openqa.selenium.NoSuchElementException" message="Unable to find element with xpath == //input[@id=&amp;apos;jform_title&amp;apos;] (WARNING: The server did not provide any stacktrace information)
Command duration or timeout: 30.17 seconds
For documentation on this error, please visit: http://seleniumhq.org/exceptions/no_such_element.html
Build info: version: &amp;apos;2.44.0&amp;apos;, revision: &amp;apos;76d78cf&amp;apos;, time: &amp;apos;2014-10-23 20:02:37&amp;apos;
System info: host: &amp;apos;SCD062719&amp;apos;, ip: &amp;apos;192.168.1.17&amp;apos;, os.name: &amp;apos;Windows 7&amp;apos;, os.arch: &amp;apos;x86&amp;apos;, os.version: &amp;apos;6.1&amp;apos;, java.version: &amp;apos;1.8.0_45&amp;apos;
Driver info: org.openqa.selenium.ie.InternetExplorerDriver
Capabilities [{browserAttachTimeout=0, enablePersistentHover=false, ie.forceCreateProcessApi=false, pageLoadStrategy=normal, ie.usePerProcessProxy=false, ignoreZoomSetting=false, handlesAlerts=true, version=11, platform=WINDOWS, nativeEvents=true, ie.ensureCleanSession=false, elementScrollBehavior=0, ie.browserCommandLineSwitches=, requireWindowFocus=false, browserName=internet explorer, initialBrowserUrl=http://localhost:46546/, takesScreenshot=true, javascriptEnabled=true, ignoreProtectedModeSettings=false, enableElementCacheCleanup=true, cssSelectorsEnabled=true, unexpectedAlertBehaviour=dismiss}]
Session ID: 3d9adb15-1ff0-4d6a-bbed-9ea67b54beb6">
      <![CDATA[org.openqa.selenium.NoSuchElementException: Unable to find element with xpath == //input[@id='jform_title'] (WARNING: The server did not provide any stacktrace information)
Command duration or timeout: 30.17 seconds
For documentation on this error, please visit: http://seleniumhq.org/exceptions/no_such_element.html
Build info: version: '2.44.0', revision: '76d78cf', time: '2014-10-23 20:02:37'
System info: host: 'SCD062719', ip: '192.168.1.17', os.name: 'Windows 7', os.arch: 'x86', os.version: '6.1', java.version: '1.8.0_45'
Driver info: org.openqa.selenium.ie.InternetExplorerDriver
Capabilities [{browserAttachTimeout=0, enablePersistentHover=false, ie.forceCreateProcessApi=false, pageLoadStrategy=normal, ie.usePerProcessProxy=false, ignoreZoomSetting=false, handlesAlerts=true, version=11, platform=WINDOWS, nativeEvents=true, ie.ensureCleanSession=false, elementScrollBehavior=0, ie.browserCommandLineSwitches=, requireWindowFocus=false, browserName=internet explorer, initialBrowserUrl=http://localhost:46546/, takesScreenshot=true, javascriptEnabled=true, ignoreProtectedModeSettings=false, enableElementCacheCleanup=true, cssSelectorsEnabled=true, unexpectedAlertBehaviour=dismiss}]
Session ID: 3d9adb15-1ff0-4d6a-bbed-9ea67b54beb6
	at org.openqa.selenium.remote.ErrorHandler.createThrowable(ErrorHandler.java:204)
	at org.openqa.selenium.remote.ErrorHandler.throwIfResponseFailed(ErrorHandler.java:156)
	at org.openqa.selenium.remote.RemoteWebDriver.execute(RemoteWebDriver.java:599)
	at org.openqa.selenium.remote.RemoteWebDriver.findElement(RemoteWebDriver.java:352)
	at org.openqa.selenium.remote.RemoteWebDriver.findElementByXPath(RemoteWebDriver.java:449)
	at org.openqa.selenium.By$ByXPath.findElement(By.java:357)
	at org.openqa.selenium.remote.RemoteWebDriver.findElement(RemoteWebDriver.java:344)
	at org.openqa.selenium.support.pagefactory.DefaultElementLocator.findElement(DefaultElementLocator.java:59)
	at org.openqa.selenium.support.pagefactory.internal.LocatingElementHandler.invoke(LocatingElementHandler.java:37)
	at com.sun.proxy.$Proxy10.clear(Unknown Source)
	at pages.Banner_Category_add_edit_page.enterData(Banner_Category_add_edit_page.java:22)
	at testcases.banners.TM_Banner_002.TC_JOOMLA_BANNERS_BANNERS_010(TM_Banner_002.java:58)
... Removed 28 stack frames]]>
    </failure>
  </testcase> <!-- TC_JOOMLA_BANNERS_BANNERS_010 -->
  <testcase name="TC_JOOMLA_BANNERS_BANNERS_012" time="0.0" classname="testcases.banners.TM_Banner_002">
    <skipped/>
  </testcase> <!-- TC_JOOMLA_BANNERS_BANNERS_012 -->
  <testcase name="TC_JOOMLA_BANNERS_BANNERS_014" time="0.0" classname="testcases.banners.TM_Banner_002">
    <skipped/>
  </testcase> <!-- TC_JOOMLA_BANNERS_BANNERS_014 -->
  <testcase name="TC_JOOMLA_BANNERS_BANNERS_011" time="0.0" classname="testcases.banners.TM_Banner_002">
    <skipped/>
  </testcase> <!-- TC_JOOMLA_BANNERS_BANNERS_011 -->
  <testcase name="TC_JOOMLA_BANNERS_BANNERS_013" time="0.0" classname="testcases.banners.TM_Banner_002">
    <skipped/>
  </testcase> <!-- TC_JOOMLA_BANNERS_BANNERS_013 -->
  <testcase name="TC_JOOMLA_BANNERS_BANNERS_017" time="0.0" classname="testcases.banners.TM_Banner_002">
    <skipped/>
  </testcase> <!-- TC_JOOMLA_BANNERS_BANNERS_017 -->
</testsuite> <!-- TM_Banner -->
